<?xml version="1.0" encoding="UTF-8"?>
<testng-results ignored="0" total="1" passed="1" failed="0" skipped="0">
  <reporter-output>
  </reporter-output>
  <suite started-at="2024-07-10T12:43:19 GET" name="Test Suite" finished-at="2024-07-10T12:43:29 GET" duration-ms="9750">
    <groups>
    </groups>
    <test started-at="2024-07-10T12:43:19 GET" name="DemoTest" finished-at="2024-07-10T12:43:29 GET" duration-ms="9750">
      <class name="DemoTest">
        <test-method is-config="true" signature="start(java.lang.String)[pri:0, instance:DemoTest@4a14c44f]" started-at="2024-07-10T12:43:19 GET" name="start" finished-at="2024-07-10T12:43:28 GET" duration-ms="9166" status="PASS">
          <params>
            <param index="0">
              <value>
                <![CDATA[Davit]]>
              </value>
            </param>
          </params>
          <reporter-output>
          </reporter-output>
        </test-method> <!-- start -->
        <test-method signature="inputTest()[pri:0, instance:DemoTest@4a14c44f]" started-at="2024-07-10T12:43:28 GET" name="inputTest" finished-at="2024-07-10T12:43:28 GET" duration-ms="279" status="PASS">
          <reporter-output>
          </reporter-output>
        </test-method> <!-- inputTest -->
        <test-method is-config="true" signature="end()[pri:0, instance:DemoTest@4a14c44f]" started-at="2024-07-10T12:43:28 GET" name="end" finished-at="2024-07-10T12:43:29 GET" duration-ms="122" status="PASS">
          <reporter-output>
          </reporter-output>
        </test-method> <!-- end -->
      </class> <!-- DemoTest -->
    </test> <!-- DemoTest -->
  </suite> <!-- Test Suite -->
</testng-results>
